<?xml version="1.0" encoding="UTF-8"?>
<!-- Generated by org.testng.reporters.JUnitReportReporter -->
<testsuite hostname="SKIPPER-WIN7-2" name="com.github.richardwilly98.elasticsearch.MyDummyRiverTest" tests="1" failures="0" timestamp="5 Nov 2013 09:33:23 GMT" time="0.002" errors="0">
  <testcase name="testRiverStarted" time="0.002" classname="com.github.richardwilly98.elasticsearch.MyDummyRiverTest"/>
</testsuite> <!-- com.github.richardwilly98.elasticsearch.MyDummyRiverTest -->
